[2025-03-23 19:18:40] ERROR: Attempt 1: Failed to connect to MongoDB - Could not connect to any servers in your MongoDB Atlas cluster. One common reason is that you're trying to access the database from an IP that isn't whitelisted. Make sure your current IP address is on your Atlas cluster's IP whitelist: https://www.mongodb.com/docs/atlas/security-whitelist/
[2025-03-23 19:19:15] ERROR: Attempt 2: Failed to connect to MongoDB - Could not connect to any servers in your MongoDB Atlas cluster. One common reason is that you're trying to access the database from an IP that isn't whitelisted. Make sure your current IP address is on your Atlas cluster's IP whitelist: https://www.mongodb.com/docs/atlas/security-whitelist/
[2025-03-23 19:19:50] ERROR: Attempt 3: Failed to connect to MongoDB - Could not connect to any servers in your MongoDB Atlas cluster. One common reason is that you're trying to access the database from an IP that isn't whitelisted. Make sure your current IP address is on your Atlas cluster's IP whitelist: https://www.mongodb.com/docs/atlas/security-whitelist/
[2025-03-23 19:20:25] ERROR: Attempt 4: Failed to connect to MongoDB - Could not connect to any servers in your MongoDB Atlas cluster. One common reason is that you're trying to access the database from an IP that isn't whitelisted. Make sure your current IP address is on your Atlas cluster's IP whitelist: https://www.mongodb.com/docs/atlas/security-whitelist/
[2025-03-23 19:21:00] ERROR: Attempt 5: Failed to connect to MongoDB - Could not connect to any servers in your MongoDB Atlas cluster. One common reason is that you're trying to access the database from an IP that isn't whitelisted. Make sure your current IP address is on your Atlas cluster's IP whitelist: https://www.mongodb.com/docs/atlas/security-whitelist/
[2025-03-23 19:21:57] INFO: MongoDB connected: ac-chuuyli-shard-00-00.wrul1io.mongodb.net
[2025-03-23 19:22:51] INFO: Successfull checking data user for login
[2025-03-23 19:22:51] INFO: Compare hash complete
[2025-03-23 19:22:51] INFO: Complete create token
[2025-03-23 19:22:51] INFO: Successfull checking data user for get user profile
[2025-03-23 19:22:51] INFO: Successfull checking data to get board by user id
[2025-03-23 19:22:51] INFO: Successfull checking data to get all members
[2025-03-23 19:22:51] INFO: Successfull checking data to get all members
[2025-03-23 19:22:52] INFO: Successfull checking data to get all members
[2025-03-23 19:22:52] INFO: Successfull checking data to get all members
[2025-03-23 19:22:52] INFO: Successfull checking data to get all members
[2025-03-23 19:22:53] INFO: Successfull checking data to get board by user id
[2025-03-23 19:22:53] INFO: Successfull checking data to get board by user id
[2025-03-23 19:22:54] INFO: Successfull checking data to get all members
[2025-03-23 19:22:54] INFO: Successfull checking data to get all members
[2025-03-23 19:22:54] INFO: Successfull checking data to get all members
[2025-03-23 19:22:54] INFO: Successfull checking data to get all members
[2025-03-23 19:22:54] INFO: Successfull checking data to get all members
[2025-03-23 19:22:54] INFO: Successfull checking data to get all members
[2025-03-23 19:22:54] INFO: Successfull checking data to get all members
[2025-03-23 19:22:55] INFO: Successfull checking data to get all members
[2025-03-23 19:22:55] INFO: Successfull checking data to get all members
[2025-03-23 19:22:55] INFO: Successfull checking data to get all members
[2025-03-23 19:22:58] INFO: Successfull checking data to get board by user id
[2025-03-23 19:22:58] INFO: Successfull checking data to get board by user id
[2025-03-23 19:22:58] INFO: Successfull checking data to get all members
[2025-03-23 19:22:58] INFO: Successfull checking data to get all members
[2025-03-23 19:22:59] INFO: Successfull checking data to get all members
[2025-03-23 19:22:59] INFO: Successfull checking data to get all members
[2025-03-23 19:22:59] INFO: Successfull checking data to get all members
[2025-03-23 19:22:59] INFO: Successfull checking data to get all members
[2025-03-23 19:22:59] INFO: Successfull checking data to get all members
[2025-03-23 19:22:59] INFO: Successfull checking data to get all members
[2025-03-23 19:22:59] INFO: Successfull checking data to get all members
[2025-03-23 19:22:59] INFO: Successfull checking data to get all members
[2025-03-23 19:24:55] INFO: Successfull checking data to get lists in board
[2025-03-23 19:24:55] INFO: Successfull checking data to get lists in board
[2025-03-23 19:24:55] INFO: Successfull checking data to get cards in list
[2025-03-23 19:24:55] INFO: Successfull checking data to get cards in list
[2025-03-23 19:24:55] INFO: Successfull checking data to get cards in list
[2025-03-23 19:24:55] INFO: Successfull checking data to get cards in list
[2025-03-23 19:25:15] INFO: Successfull checking data to update card
[2025-03-23 19:25:15] INFO: Successfull checking data to get lists in board
[2025-03-23 19:25:15] INFO: Successfull checking data to get lists in board
[2025-03-23 19:25:15] INFO: Successfull checking data to get cards in list
[2025-03-23 19:25:15] INFO: Successfull checking data to get cards in list
[2025-03-23 19:25:15] INFO: Successfull checking data to get cards in list
[2025-03-23 19:25:15] INFO: Successfull checking data to get cards in list
[2025-03-23 19:25:31] INFO: Successfull checking data to get board by user id
[2025-03-23 19:25:31] INFO: Successfull checking data to get board by user id
[2025-03-23 19:25:31] INFO: Successfull checking data to get all members
[2025-03-23 19:25:31] INFO: Successfull checking data to get all members
[2025-03-23 19:25:31] INFO: Successfull checking data to get all members
[2025-03-23 19:25:31] INFO: Successfull checking data to get all members
[2025-03-23 19:25:32] INFO: Successfull checking data to get all members
[2025-03-23 19:25:32] INFO: Successfull checking data to get all members
[2025-03-23 19:25:32] INFO: Successfull checking data to get all members
[2025-03-23 19:25:32] INFO: Successfull checking data to get all members
[2025-03-23 19:25:32] INFO: Successfull checking data to get all members
[2025-03-23 19:25:32] INFO: Successfull checking data to get all members
[2025-03-23 19:25:39] INFO: Successfull checking data to get board by user id
[2025-03-23 19:25:39] INFO: Successfull checking data to get board by user id
[2025-03-23 19:25:40] INFO: Successfull checking data to get all members
[2025-03-23 19:25:40] INFO: Successfull checking data to get all members
[2025-03-23 19:25:40] INFO: Successfull checking data to get all members
[2025-03-23 19:25:40] INFO: Successfull checking data to get all members
[2025-03-23 19:25:40] INFO: Successfull checking data to get all members
[2025-03-23 19:25:40] INFO: Successfull checking data to get all members
[2025-03-23 19:25:40] INFO: Successfull checking data to get all members
[2025-03-23 19:25:40] INFO: Successfull checking data to get all members
[2025-03-23 19:25:40] INFO: Successfull checking data to get all members
[2025-03-23 19:25:41] INFO: Successfull checking data to get all members
[2025-03-23 19:25:53] INFO: Successfull checking data user for get user profile
[2025-03-23 19:25:53] INFO: Successfull checking data user for get user profile
[2025-03-23 19:26:03] INFO: Successfull checking data to get lists in board
[2025-03-23 19:26:03] INFO: Successfull checking data to get lists in board
[2025-03-23 19:26:03] INFO: Successfull checking data to get cards in list
[2025-03-23 19:26:03] INFO: Successfull checking data to get cards in list
[2025-03-23 19:26:03] INFO: Successfull checking data to get cards in list
[2025-03-23 19:26:03] INFO: Successfull checking data to get cards in list
[2025-03-23 19:26:11] INFO: Successfull checking data to get board by user id
[2025-03-23 19:26:11] INFO: Successfull checking data to get board by user id
[2025-03-23 19:26:11] INFO: Successfull checking data to get all members
[2025-03-23 19:26:11] INFO: Successfull checking data to get all members
[2025-03-23 19:26:11] INFO: Successfull checking data to get all members
[2025-03-23 19:26:11] INFO: Successfull checking data to get all members
[2025-03-23 19:26:11] INFO: Successfull checking data to get all members
[2025-03-23 19:26:11] INFO: Successfull checking data to get all members
[2025-03-23 19:26:12] INFO: Successfull checking data to get all members
[2025-03-23 19:26:12] INFO: Successfull checking data to get all members
[2025-03-23 19:26:12] INFO: Successfull checking data to get all members
[2025-03-23 19:26:12] INFO: Successfull checking data to get all members
[2025-03-23 19:26:12] INFO: Successfull checking data user for get user profile
[2025-03-23 19:26:12] INFO: Successfull checking data user for get user profile
[2025-03-23 19:26:18] INFO: Successfull checking data to get lists in board
[2025-03-23 19:26:18] INFO: Successfull checking data to get lists in board
[2025-03-23 19:26:19] INFO: Successfull checking data to get cards in list
[2025-03-23 19:26:19] INFO: Successfull checking data to get cards in list
[2025-03-23 19:26:19] INFO: Successfull checking data to get cards in list
[2025-03-23 19:26:19] INFO: Successfull checking data to get cards in list
[2025-03-23 19:26:21] INFO: Successfull checking data to get lists in board
[2025-03-23 19:26:21] INFO: Successfull checking data to get lists in board
[2025-03-23 19:26:22] INFO: Successfull checking data to get cards in list
[2025-03-23 19:26:22] INFO: Successfull checking data to get cards in list
[2025-03-23 19:26:22] INFO: Successfull checking data to get cards in list
[2025-03-23 19:26:22] INFO: Successfull checking data to get cards in list
[2025-03-23 19:26:44] INFO: Successfull checking data user for search user profile
[2025-03-23 19:26:54] INFO: Successfull checking data user for search user profile
[2025-03-23 19:26:54] INFO: Successfull checking data user for search user profile
[2025-03-23 19:26:55] INFO: Successfull checking data user for search user profile
[2025-03-23 19:26:56] INFO: Successfull checking data user for search user profile
[2025-03-23 19:27:56] INFO: Successfull checking data user for search user profile
[2025-03-23 19:27:56] INFO: Successfull checking data user for search user profile
[2025-03-23 19:27:58] INFO: Successfull checking data user for search user profile
[2025-03-23 19:28:00] INFO: Successfull checking data user for search user profile
[2025-03-23 19:28:03] INFO: Successfull checking data user for search user profile
[2025-03-23 19:28:04] INFO: Successfull checking data user for search user profile
[2025-03-23 19:28:04] INFO: Successfull checking data user for search user profile
[2025-03-23 19:28:05] INFO: Successfull checking data user for search user profile
[2025-03-23 19:28:12] INFO: Successfull checking data user for search user profile
[2025-03-23 19:28:12] INFO: Successfull checking data user for search user profile
[2025-03-23 19:28:12] INFO: Successfull checking data user for search user profile
[2025-03-23 19:32:52] INFO: Successfull checking data user for search user profile
[2025-03-23 19:32:53] INFO: Successfull checking data user for search user profile
[2025-03-23 19:39:00] INFO: Successfull checking data user for login
[2025-03-23 19:39:01] INFO: Compare hash complete
[2025-03-23 19:39:01] INFO: Complete create token
[2025-03-23 19:39:01] INFO: Successfull checking data user for get user profile
[2025-03-23 19:39:01] INFO: Successfull checking data to get board by user id
[2025-03-23 19:39:01] INFO: Successfull checking data to get all members
[2025-03-23 19:39:02] INFO: Successfull checking data to get all members
[2025-03-23 19:39:02] INFO: Successfull checking data to get all members
[2025-03-23 19:39:02] INFO: Successfull checking data to get all members
[2025-03-23 19:39:02] INFO: Successfull checking data to get all members
[2025-03-23 19:39:03] INFO: Successfull checking data to get board by user id
[2025-03-23 19:39:03] INFO: Successfull checking data to get board by user id
[2025-03-23 19:39:04] INFO: Successfull checking data to get all members
[2025-03-23 19:39:04] INFO: Successfull checking data to get all members
[2025-03-23 19:39:04] INFO: Successfull checking data to get all members
[2025-03-23 19:39:04] INFO: Successfull checking data to get all members
[2025-03-23 19:39:05] INFO: Successfull checking data to get all members
[2025-03-23 19:39:05] INFO: Successfull checking data to get all members
[2025-03-23 19:39:05] INFO: Successfull checking data to get all members
[2025-03-23 19:39:05] INFO: Successfull checking data to get all members
[2025-03-23 19:39:05] INFO: Successfull checking data to get all members
[2025-03-23 19:39:05] INFO: Successfull checking data to get all members
[2025-03-23 19:39:18] INFO: Successfull checking data user for login
[2025-03-23 19:39:18] INFO: Compare hash complete
[2025-03-23 19:39:18] INFO: Complete create token
[2025-03-23 19:39:18] INFO: Successfull checking data user for get user profile
[2025-03-23 19:39:18] INFO: Successfull checking data to get board by user id
[2025-03-23 19:39:18] INFO: Successfull checking data to get all members
[2025-03-23 19:39:19] INFO: Successfull checking data to get all members
[2025-03-23 19:39:19] INFO: Successfull checking data to get all members
[2025-03-23 19:39:19] INFO: Successfull checking data to get all members
[2025-03-23 19:39:19] INFO: Successfull checking data to get all members
[2025-03-23 19:39:21] INFO: Successfull checking data to get board by user id
[2025-03-23 19:39:21] INFO: Successfull checking data to get board by user id
[2025-03-23 19:39:21] INFO: Successfull checking data to get all members
[2025-03-23 19:39:21] INFO: Successfull checking data to get all members
[2025-03-23 19:39:21] INFO: Successfull checking data to get all members
[2025-03-23 19:39:21] INFO: Successfull checking data to get all members
[2025-03-23 19:39:22] INFO: Successfull checking data to get all members
[2025-03-23 19:39:22] INFO: Successfull checking data to get all members
[2025-03-23 19:39:22] INFO: Successfull checking data to get all members
[2025-03-23 19:39:22] INFO: Successfull checking data to get all members
[2025-03-23 19:39:22] INFO: Successfull checking data to get all members
[2025-03-23 19:39:22] INFO: Successfull checking data to get all members
[2025-03-23 19:39:51] INFO: Successfull checking data to get lists in board
[2025-03-23 19:39:51] INFO: Successfull checking data to get lists in board
[2025-03-23 19:39:51] INFO: Successfull checking data to get cards in list
[2025-03-23 19:39:51] INFO: Successfull checking data to get cards in list
[2025-03-23 19:39:51] INFO: Successfull checking data to get cards in list
[2025-03-23 19:39:51] INFO: Successfull checking data to get cards in list
[2025-03-23 19:40:03] INFO: Successfull checking data user for search user profile
[2025-03-23 19:40:03] INFO: Successfull checking data user for search user profile
[2025-03-23 19:41:12] INFO: Successfull checking data to add member to board
[2025-03-23 19:41:13] ERROR: Error with AddMemberToBoard: ValidationError: board_collaborators.2.board_collaborator_role: `MEMBER` is not a valid enum value for path `board_collaborator_role`.
[2025-03-23 19:42:41] INFO: Successfull checking data to add member to board
[2025-03-23 19:42:42] INFO: Successfull checking data to get board by user id
[2025-03-23 19:42:42] INFO: Successfull checking data to get all members
[2025-03-23 19:42:42] INFO: Successfull checking data to get all members
[2025-03-23 19:42:43] INFO: Successfull checking data to get all members
[2025-03-23 19:42:43] INFO: Successfull checking data to get all members
[2025-03-23 19:42:43] INFO: Successfull checking data to get all members
[2025-03-26 23:31:20] ERROR: Attempt 1: Failed to connect to MongoDB - Could not connect to any servers in your MongoDB Atlas cluster. One common reason is that you're trying to access the database from an IP that isn't whitelisted. Make sure your current IP address is on your Atlas cluster's IP whitelist: https://www.mongodb.com/docs/atlas/security-whitelist/
[2025-03-26 23:31:35] INFO: MongoDB connected: ac-chuuyli-shard-00-00.wrul1io.mongodb.net
[2025-03-26 23:32:21] INFO: Successfull checking data user for login
[2025-03-26 23:32:21] INFO: Compare hash complete
[2025-03-26 23:32:21] INFO: Complete create token
[2025-03-26 23:32:21] INFO: Successfull checking data user for get user profile
[2025-03-26 23:32:22] INFO: Successfull checking data to get board by user id
[2025-03-26 23:32:22] INFO: Successfull checking data to get all members
[2025-03-26 23:32:22] INFO: Successfull checking data to get all members
[2025-03-26 23:32:22] INFO: Successfull checking data to get all members
[2025-03-26 23:32:23] INFO: Successfull checking data to get all members
[2025-03-26 23:32:23] INFO: Successfull checking data to get all members
[2025-03-26 23:32:23] INFO: Successfull checking data to get all members
[2025-03-26 23:32:25] INFO: Successfull checking data to get board by user id
[2025-03-26 23:32:25] INFO: Successfull checking data to get board by user id
[2025-03-26 23:32:25] INFO: Successfull checking data to get all members
[2025-03-26 23:32:25] INFO: Successfull checking data to get all members
[2025-03-26 23:32:25] INFO: Successfull checking data to get all members
[2025-03-26 23:32:25] INFO: Successfull checking data to get all members
[2025-03-26 23:32:25] INFO: Successfull checking data to get all members
[2025-03-26 23:32:25] INFO: Successfull checking data to get all members
[2025-03-26 23:32:26] INFO: Successfull checking data to get all members
[2025-03-26 23:32:26] INFO: Successfull checking data to get all members
[2025-03-26 23:32:26] INFO: Successfull checking data to get all members
[2025-03-26 23:32:26] INFO: Successfull checking data to get all members
[2025-03-26 23:32:26] INFO: Successfull checking data to get all members
[2025-03-26 23:32:26] INFO: Successfull checking data to get all members
[2025-03-26 23:32:27] INFO: Successfull checking data to get lists in board
[2025-03-26 23:32:27] INFO: Successfull checking data to get lists in board
[2025-03-26 23:32:27] INFO: Successfull checking data to get cards in list
[2025-03-26 23:32:27] INFO: Successfull checking data to get cards in list
[2025-03-26 23:32:27] INFO: Successfull checking data to get cards in list
[2025-03-26 23:32:27] INFO: Successfull checking data to get cards in list
[2025-03-26 23:32:33] INFO: Successfull checking data to get cardd
[2025-03-26 23:32:33] INFO: Successfull checking data to get cardd
[2025-03-26 23:32:35] INFO: Successfull checking data to get cardd
[2025-03-26 23:32:35] INFO: Successfull checking data to get all members
[2025-03-26 23:32:38] INFO: Successfull checking data to get cardd
[2025-03-26 23:34:30] INFO: Successfull checking data to get lists in board
[2025-03-26 23:34:30] INFO: Successfull checking data to get lists in board
[2025-03-26 23:34:30] INFO: Successfull checking data to get cards in list
[2025-03-26 23:34:30] INFO: Successfull checking data to get cards in list
[2025-03-26 23:34:30] INFO: Successfull checking data to get cards in list
[2025-03-26 23:34:30] INFO: Successfull checking data to get cards in list
[2025-03-26 23:34:39] INFO: Successfull checking data to get lists in board
[2025-03-26 23:34:39] INFO: Successfull checking data to get lists in board
[2025-03-26 23:34:40] INFO: Successfull checking data to get cards in list
[2025-03-26 23:34:40] INFO: Successfull checking data to get cards in list
[2025-03-26 23:34:40] INFO: Successfull checking data to get cards in list
[2025-03-26 23:34:40] INFO: Successfull checking data to get cards in list
[2025-03-26 23:36:36] INFO: Successfull checking data to get cardd
[2025-03-26 23:36:36] INFO: Successfull checking data to get cardd
[2025-03-26 23:36:37] INFO: Successfull checking data to get lists in board
[2025-03-26 23:36:37] INFO: Successfull checking data to get lists in board
[2025-03-26 23:36:37] INFO: Successfull checking data to get cards in list
[2025-03-26 23:36:37] INFO: Successfull checking data to get cards in list
[2025-03-26 23:36:37] INFO: Successfull checking data to get cards in list
[2025-03-26 23:36:37] INFO: Successfull checking data to get cards in list
[2025-03-26 23:41:34] INFO: MongoDB connected: ac-chuuyli-shard-00-00.wrul1io.mongodb.net
[2025-03-26 23:43:04] INFO: Successfull checking data user for login
[2025-03-26 23:43:04] INFO: Compare hash complete
[2025-03-26 23:43:04] INFO: Complete create token
[2025-03-26 23:43:17] INFO: Successfull checking data to get cardd
[2025-03-26 23:44:41] INFO: MongoDB connected: ac-chuuyli-shard-00-00.wrul1io.mongodb.net
[2025-03-26 23:44:58] INFO: MongoDB connected: ac-chuuyli-shard-00-00.wrul1io.mongodb.net
[2025-03-26 23:45:44] INFO: Successfull checking data to get cardd
[2025-03-26 23:46:54] INFO: MongoDB connected: ac-chuuyli-shard-00-00.wrul1io.mongodb.net
[2025-03-26 23:46:57] INFO: Successfull checking data to get cardd
[2025-03-26 23:47:55] INFO: MongoDB connected: ac-chuuyli-shard-00-00.wrul1io.mongodb.net
[2025-03-26 23:47:56] INFO: Successfull checking data to get cardd
[2025-03-26 23:49:50] INFO: MongoDB connected: ac-chuuyli-shard-00-00.wrul1io.mongodb.net
[2025-03-26 23:49:51] INFO: Successfull checking data to get cardd
[2025-03-26 23:50:19] INFO: MongoDB connected: ac-chuuyli-shard-00-00.wrul1io.mongodb.net
[2025-03-26 23:50:21] INFO: Successfull checking data to get cardd
[2025-03-26 23:51:08] INFO: MongoDB connected: ac-chuuyli-shard-00-00.wrul1io.mongodb.net
[2025-03-26 23:51:09] INFO: Successfull checking data to get cardd
[2025-03-26 23:52:43] INFO: Successfull checking data to assign user to card
[2025-03-26 23:52:51] INFO: Successfull checking data to get cardd
[2025-03-26 23:53:21] INFO: MongoDB connected: ac-chuuyli-shard-00-00.wrul1io.mongodb.net
[2025-03-26 23:53:21] INFO: Successfull checking data to get cardd
[2025-03-26 23:53:42] INFO: MongoDB connected: ac-chuuyli-shard-00-00.wrul1io.mongodb.net
[2025-03-26 23:53:44] INFO: MongoDB connected: ac-chuuyli-shard-00-00.wrul1io.mongodb.net
[2025-03-26 23:53:55] INFO: Successfull checking data to get cardd
[2025-03-26 23:54:09] INFO: MongoDB connected: ac-chuuyli-shard-00-00.wrul1io.mongodb.net
[2025-03-26 23:54:14] INFO: Successfull checking data to get cardd
[2025-03-26 23:56:39] INFO: MongoDB connected: ac-chuuyli-shard-00-00.wrul1io.mongodb.net
[2025-03-26 23:56:52] INFO: MongoDB connected: ac-chuuyli-shard-00-00.wrul1io.mongodb.net
[2025-03-26 23:58:09] INFO: MongoDB connected: ac-chuuyli-shard-00-00.wrul1io.mongodb.net
[2025-03-26 23:58:32] INFO: MongoDB connected: ac-chuuyli-shard-00-00.wrul1io.mongodb.net
[2025-03-26 23:59:20] INFO: MongoDB connected: ac-chuuyli-shard-00-00.wrul1io.mongodb.net
[2025-03-26 23:59:22] INFO: Successfull checking data to get cardd
[2025-03-26 23:59:29] INFO: MongoDB connected: ac-chuuyli-shard-00-00.wrul1io.mongodb.net
[2025-03-26 23:59:36] INFO: MongoDB connected: ac-chuuyli-shard-00-00.wrul1io.mongodb.net
[2025-03-27 00:00:26] INFO: Successfull checking data user for login
[2025-03-27 00:00:26] INFO: Compare hash complete
[2025-03-27 00:00:27] INFO: Complete create token
[2025-03-27 00:00:27] INFO: Successfull checking data user for get user profile
[2025-03-27 00:00:27] INFO: Successfull checking data to get board by user id
[2025-03-27 00:00:27] INFO: Successfull checking data to get all members
[2025-03-27 00:00:27] INFO: Successfull checking data to get all members
[2025-03-27 00:00:28] INFO: Successfull checking data to get all members
[2025-03-27 00:00:28] INFO: Successfull checking data to get all members
[2025-03-27 00:00:28] INFO: Successfull checking data to get all members
[2025-03-27 00:00:28] INFO: Successfull checking data to get all members
[2025-03-27 00:00:30] INFO: Successfull checking data to get board by user id
[2025-03-27 00:00:30] INFO: Successfull checking data to get board by user id
[2025-03-27 00:00:30] INFO: Successfull checking data to get all members
[2025-03-27 00:00:30] INFO: Successfull checking data to get all members
[2025-03-27 00:00:30] INFO: Successfull checking data to get all members
[2025-03-27 00:00:30] INFO: Successfull checking data to get all members
[2025-03-27 00:00:31] INFO: Successfull checking data to get all members
[2025-03-27 00:00:31] INFO: Successfull checking data to get all members
[2025-03-27 00:00:31] INFO: Successfull checking data to get all members
[2025-03-27 00:00:31] INFO: Successfull checking data to get all members
[2025-03-27 00:00:31] INFO: Successfull checking data to get all members
[2025-03-27 00:00:31] INFO: Successfull checking data to get all members
[2025-03-27 00:00:31] INFO: Successfull checking data to get all members
[2025-03-27 00:00:31] INFO: Successfull checking data to get all members
[2025-03-27 00:00:32] INFO: Successfull checking data to get lists in board
[2025-03-27 00:00:32] INFO: Successfull checking data to get lists in board
[2025-03-27 00:00:32] INFO: Successfull checking data to get cards in list
[2025-03-27 00:00:32] INFO: Successfull checking data to get cards in list
[2025-03-27 00:00:32] INFO: Successfull checking data to get cards in list
[2025-03-27 00:00:32] INFO: Successfull checking data to get cards in list
[2025-03-27 00:00:33] INFO: Successfull checking data to get cardd
[2025-03-27 00:00:33] INFO: Successfull checking data to get cardd
[2025-03-27 00:00:41] INFO: Successfull checking data to get cardd
[2025-03-27 00:00:41] INFO: Successfull checking data to get all members
[2025-03-27 00:00:44] INFO: Successfull checking data to assign user to card
[2025-03-27 00:00:44] INFO: Successfull checking data to get cardd
[2025-03-27 00:00:48] INFO: Successfull checking data to get cardd
[2025-03-27 00:00:48] INFO: Successfull checking data to get cardd
[2025-03-27 00:01:07] INFO: Successfull checking data to get all members
[2025-03-27 00:01:07] INFO: Successfull checking data to get cardd
[2025-03-27 00:01:10] INFO: Successfull checking data to assign user to card
[2025-03-27 00:01:10] INFO: Successfull checking data to get cardd
[2025-03-27 00:01:14] INFO: Successfull checking data to get cardd
[2025-03-27 00:01:14] INFO: Successfull checking data to get cardd
[2025-03-27 00:01:15] INFO: Successfull checking data to get cardd
[2025-03-27 00:01:15] INFO: Successfull checking data to get all members
[2025-03-27 00:01:17] INFO: Successfull checking data to assign user to card
[2025-03-27 00:01:18] INFO: Successfull checking data to get cardd
[2025-03-27 00:01:20] INFO: Successfull checking data to get cardd
[2025-03-27 00:01:20] INFO: Successfull checking data to get cardd
[2025-03-27 00:01:21] INFO: Successfull checking data to get cardd
[2025-03-27 00:01:21] INFO: Successfull checking data to get all members
[2025-03-27 00:01:23] INFO: Successfull checking data to assign user to card
[2025-03-27 00:01:23] INFO: Successfull checking data to get cardd
[2025-03-27 00:01:27] INFO: Successfull checking data to get cardd
[2025-03-27 00:01:27] INFO: Successfull checking data to get all members
[2025-03-27 00:01:31] INFO: Successfull checking data to assign user to card
[2025-03-27 00:01:31] INFO: Successfull checking data to get cardd
[2025-03-27 00:01:34] INFO: Successfull checking data to get cardd
[2025-03-27 00:01:34] INFO: Successfull checking data to get cardd
[2025-03-27 00:01:59] INFO: Successfull checking data to get lists in board
[2025-03-27 00:01:59] INFO: Successfull checking data to get lists in board
[2025-03-27 00:01:59] INFO: Successfull checking data to get cards in list
[2025-03-27 00:01:59] INFO: Successfull checking data to get cards in list
[2025-03-27 00:01:59] INFO: Successfull checking data to get cards in list
[2025-03-27 00:01:59] INFO: Successfull checking data to get cards in list
[2025-03-27 00:02:09] INFO: Successfull checking data to get board by user id
[2025-03-27 00:02:09] INFO: Successfull checking data to get board by user id
[2025-03-27 00:02:10] INFO: Successfull checking data to get all members
[2025-03-27 00:02:10] INFO: Successfull checking data to get all members
[2025-03-27 00:02:10] INFO: Successfull checking data to get all members
[2025-03-27 00:02:10] INFO: Successfull checking data to get all members
[2025-03-27 00:02:10] INFO: Successfull checking data to get all members
[2025-03-27 00:02:10] INFO: Successfull checking data to get all members
[2025-03-27 00:02:10] INFO: Successfull checking data to get all members
[2025-03-27 00:02:10] INFO: Successfull checking data to get all members
[2025-03-27 00:02:10] INFO: Successfull checking data to get all members
[2025-03-27 00:02:10] INFO: Successfull checking data to get all members
[2025-03-27 00:02:11] INFO: Successfull checking data to get all members
[2025-03-27 00:02:11] INFO: Successfull checking data to get all members
[2025-03-27 00:02:39] INFO: Successfull checking data to get board by user id
[2025-03-27 00:02:39] INFO: Successfull checking data to get board by user id
[2025-03-27 00:02:39] INFO: Successfull checking data to get all members
[2025-03-27 00:02:39] INFO: Successfull checking data to get all members
[2025-03-27 00:02:39] INFO: Successfull checking data to get all members
[2025-03-27 00:02:39] INFO: Successfull checking data to get all members
[2025-03-27 00:02:39] INFO: Successfull checking data to get all members
[2025-03-27 00:02:39] INFO: Successfull checking data to get all members
[2025-03-27 00:02:40] INFO: Successfull checking data to get all members
[2025-03-27 00:02:40] INFO: Successfull checking data to get all members
[2025-03-27 00:02:40] INFO: Successfull checking data to get all members
[2025-03-27 00:02:40] INFO: Successfull checking data to get all members
[2025-03-27 00:02:40] INFO: Successfull checking data to get all members
[2025-03-27 00:02:40] INFO: Successfull checking data to get all members
[2025-03-27 00:04:19] WARN: No token provided
[2025-03-27 00:04:19] INFO: Invalid token in get boards by user id
[2025-03-27 00:04:19] WARN: No token provided
[2025-03-27 00:04:19] INFO: Invalid token in get boards by user id
[2025-03-27 00:05:06] INFO: Successfull checking data user for login
[2025-03-27 00:05:06] INFO: Compare hash complete
[2025-03-27 00:05:06] INFO: Complete create token
[2025-03-27 00:05:06] INFO: Successfull checking data user for get user profile
[2025-03-27 00:05:06] INFO: Successfull checking data to get board by user id
[2025-03-27 00:05:07] INFO: Successfull checking data to get all members
[2025-03-27 00:05:07] INFO: Successfull checking data to get all members
[2025-03-27 00:05:07] INFO: Successfull checking data to get all members
[2025-03-27 00:05:07] INFO: Successfull checking data to get all members
[2025-03-27 00:05:07] INFO: Successfull checking data to get all members
[2025-03-27 00:05:08] INFO: Successfull checking data to get all members
[2025-03-27 00:05:09] INFO: Successfull checking data to get board by user id
[2025-03-27 00:05:09] INFO: Successfull checking data to get board by user id
[2025-03-27 00:05:09] INFO: Successfull checking data to get all members
[2025-03-27 00:05:09] INFO: Successfull checking data to get all members
[2025-03-27 00:05:10] INFO: Successfull checking data to get all members
[2025-03-27 00:05:10] INFO: Successfull checking data to get all members
[2025-03-27 00:05:10] INFO: Successfull checking data to get all members
[2025-03-27 00:05:10] INFO: Successfull checking data to get all members
[2025-03-27 00:05:10] INFO: Successfull checking data to get all members
[2025-03-27 00:05:10] INFO: Successfull checking data to get all members
[2025-03-27 00:05:10] INFO: Successfull checking data to get all members
[2025-03-27 00:05:10] INFO: Successfull checking data to get all members
[2025-03-27 00:05:10] INFO: Successfull checking data to get all members
[2025-03-27 00:05:10] INFO: Successfull checking data to get all members
[2025-03-27 00:05:11] INFO: Successfull checking data user for get user profile
[2025-03-27 00:05:11] INFO: Successfull checking data user for get user profile
[2025-03-27 00:05:13] INFO: Successfull checking data to get board by user id
[2025-03-27 00:05:13] INFO: Successfull checking data to get board by user id
[2025-03-27 00:05:13] INFO: Successfull checking data to get all members
[2025-03-27 00:05:13] INFO: Successfull checking data to get all members
[2025-03-27 00:05:14] INFO: Successfull checking data to get all members
[2025-03-27 00:05:14] INFO: Successfull checking data to get all members
[2025-03-27 00:05:14] INFO: Successfull checking data to get all members
[2025-03-27 00:05:14] INFO: Successfull checking data to get all members
[2025-03-27 00:05:14] INFO: Successfull checking data to get all members
[2025-03-27 00:05:14] INFO: Successfull checking data to get all members
[2025-03-27 00:05:14] INFO: Successfull checking data to get all members
[2025-03-27 00:05:14] INFO: Successfull checking data to get all members
[2025-03-27 00:05:14] INFO: Successfull checking data to get all members
[2025-03-27 00:05:14] INFO: Successfull checking data to get all members
[2025-03-27 00:05:19] INFO: Successfull checking data to get board by user id
[2025-03-27 00:05:19] INFO: Successfull checking data to get board by user id
[2025-03-27 00:05:20] INFO: Successfull checking data to get all members
[2025-03-27 00:05:20] INFO: Successfull checking data to get all members
[2025-03-27 00:05:20] INFO: Successfull checking data to get all members
[2025-03-27 00:05:20] INFO: Successfull checking data to get all members
[2025-03-27 00:05:20] INFO: Successfull checking data to get all members
[2025-03-27 00:05:20] INFO: Successfull checking data to get all members
[2025-03-27 00:05:20] INFO: Successfull checking data to get all members
[2025-03-27 00:05:20] INFO: Successfull checking data to get all members
[2025-03-27 00:05:20] INFO: Successfull checking data to get all members
[2025-03-27 00:05:20] INFO: Successfull checking data to get all members
[2025-03-27 00:05:21] INFO: Successfull checking data to get all members
[2025-03-27 00:05:21] INFO: Successfull checking data to get all members
[2025-03-27 00:05:34] INFO: Successfull checking data to get board by user id
[2025-03-27 00:05:34] INFO: Successfull checking data to get board by user id
[2025-03-27 00:05:35] INFO: Successfull checking data to get all members
[2025-03-27 00:05:35] INFO: Successfull checking data to get all members
[2025-03-27 00:05:35] INFO: Successfull checking data to get all members
[2025-03-27 00:05:35] INFO: Successfull checking data to get all members
[2025-03-27 00:05:35] INFO: Successfull checking data to get all members
[2025-03-27 00:05:35] INFO: Successfull checking data to get all members
[2025-03-27 00:05:35] INFO: Successfull checking data to get all members
[2025-03-27 00:05:35] INFO: Successfull checking data to get all members
[2025-03-27 00:05:36] INFO: Successfull checking data to get all members
[2025-03-27 00:05:36] INFO: Successfull checking data to get all members
[2025-03-27 00:05:36] INFO: Successfull checking data to get all members
[2025-03-27 00:05:36] INFO: Successfull checking data to get all members
[2025-03-27 00:05:46] INFO: Successfull checking data to get board by user id
[2025-03-27 00:05:46] INFO: Successfull checking data to get board by user id
[2025-03-27 00:05:46] INFO: Successfull checking data to get all members
[2025-03-27 00:05:46] INFO: Successfull checking data to get all members
[2025-03-27 00:05:46] INFO: Successfull checking data to get all members
[2025-03-27 00:05:46] INFO: Successfull checking data to get all members
[2025-03-27 00:05:46] INFO: Successfull checking data to get all members
[2025-03-27 00:05:46] INFO: Successfull checking data to get all members
[2025-03-27 00:05:47] INFO: Successfull checking data to get all members
[2025-03-27 00:05:47] INFO: Successfull checking data to get all members
[2025-03-27 00:05:47] INFO: Successfull checking data to get all members
[2025-03-27 00:05:47] INFO: Successfull checking data to get all members
[2025-03-27 00:05:47] INFO: Successfull checking data to get all members
[2025-03-27 00:05:47] INFO: Successfull checking data to get all members
[2025-03-27 00:05:53] INFO: Successfull checking data to get board by user id
[2025-03-27 00:05:53] INFO: Successfull checking data to get board by user id
[2025-03-27 00:05:54] INFO: Successfull checking data to get all members
[2025-03-27 00:05:54] INFO: Successfull checking data to get all members
[2025-03-27 00:05:54] INFO: Successfull checking data to get all members
[2025-03-27 00:05:54] INFO: Successfull checking data to get all members
[2025-03-27 00:05:54] INFO: Successfull checking data to get all members
[2025-03-27 00:05:54] INFO: Successfull checking data to get all members
[2025-03-27 00:05:54] INFO: Successfull checking data to get all members
[2025-03-27 00:05:54] INFO: Successfull checking data to get all members
[2025-03-27 00:05:54] INFO: Successfull checking data to get all members
[2025-03-27 00:05:54] INFO: Successfull checking data to get all members
[2025-03-27 00:05:55] INFO: Successfull checking data to get all members
[2025-03-27 00:05:55] INFO: Successfull checking data to get all members
[2025-03-27 00:18:56] INFO: Successfull checking data user for get user profile
[2025-03-27 00:18:56] INFO: Successfull checking data user for get user profile
[2025-03-27 00:19:01] INFO: Successfull checking data user for get user profile
[2025-03-27 00:19:01] INFO: Successfull checking data user for get user profile
[2025-03-27 00:19:01] INFO: Successfull checking data to get board by user id
[2025-03-27 00:19:01] INFO: Successfull checking data to get board by user id
[2025-03-27 00:19:02] INFO: Successfull checking data to get all members
[2025-03-27 00:19:02] INFO: Successfull checking data to get all members
[2025-03-27 00:19:02] INFO: Successfull checking data to get all members
[2025-03-27 00:19:02] INFO: Successfull checking data to get all members
[2025-03-27 00:19:03] INFO: Successfull checking data to get all members
[2025-03-27 00:19:03] INFO: Successfull checking data to get all members
[2025-03-27 00:19:03] INFO: Successfull checking data to get all members
[2025-03-27 00:19:03] INFO: Successfull checking data to get all members
[2025-03-27 00:19:03] INFO: Successfull checking data to get all members
[2025-03-27 00:19:03] INFO: Successfull checking data to get all members
[2025-03-27 00:19:03] INFO: Successfull checking data to get all members
[2025-03-27 00:19:03] INFO: Successfull checking data to get all members
[2025-03-27 00:19:05] INFO: Successfull checking data user for get user profile
[2025-03-27 00:19:05] INFO: Successfull checking data user for get user profile
[2025-03-27 00:19:15] INFO: Successfull checking data user for login
[2025-03-27 00:19:15] INFO: Compare hash complete
[2025-03-27 00:19:15] INFO: Complete create token
[2025-03-27 00:19:15] INFO: Successfull checking data user for get user profile
[2025-03-27 00:19:15] INFO: Successfull checking data to get board by user id
[2025-03-27 00:19:16] INFO: Successfull checking data to get all members
[2025-03-27 00:19:16] INFO: Successfull checking data to get all members
[2025-03-27 00:19:16] INFO: Successfull checking data to get all members
[2025-03-27 00:19:16] INFO: Successfull checking data to get all members
[2025-03-27 00:19:17] INFO: Successfull checking data to get all members
[2025-03-27 00:19:17] INFO: Successfull checking data to get all members
[2025-03-27 00:19:18] INFO: Successfull checking data to get board by user id
[2025-03-27 00:19:18] INFO: Successfull checking data to get board by user id
[2025-03-27 00:19:18] INFO: Successfull checking data to get all members
[2025-03-27 00:19:18] INFO: Successfull checking data to get all members
[2025-03-27 00:19:19] INFO: Successfull checking data to get all members
[2025-03-27 00:19:19] INFO: Successfull checking data to get all members
[2025-03-27 00:19:19] INFO: Successfull checking data to get all members
[2025-03-27 00:19:19] INFO: Successfull checking data to get all members
[2025-03-27 00:19:19] INFO: Successfull checking data to get all members
[2025-03-27 00:19:19] INFO: Successfull checking data to get all members
[2025-03-27 00:19:19] INFO: Successfull checking data to get all members
[2025-03-27 00:19:19] INFO: Successfull checking data to get all members
[2025-03-27 00:19:20] INFO: Successfull checking data to get all members
[2025-03-27 00:19:20] INFO: Successfull checking data to get all members
[2025-03-27 00:19:21] INFO: Successfull checking data user for get user profile
[2025-03-27 00:19:21] INFO: Successfull checking data user for get user profile
[2025-03-27 00:19:21] INFO: Successfull checking data to get board by user id
[2025-03-27 00:19:21] INFO: Successfull checking data to get board by user id
[2025-03-27 00:19:22] INFO: Successfull checking data to get all members
[2025-03-27 00:19:22] INFO: Successfull checking data to get all members
[2025-03-27 00:19:22] INFO: Successfull checking data to get all members
[2025-03-27 00:19:22] INFO: Successfull checking data to get all members
[2025-03-27 00:19:22] INFO: Successfull checking data to get all members
[2025-03-27 00:19:22] INFO: Successfull checking data to get all members
[2025-03-27 00:19:22] INFO: Successfull checking data to get all members
[2025-03-27 00:19:22] INFO: Successfull checking data to get all members
[2025-03-27 00:19:22] INFO: Successfull checking data to get all members
[2025-03-27 00:19:23] INFO: Successfull checking data to get all members
[2025-03-27 00:19:23] INFO: Successfull checking data to get all members
[2025-03-27 00:19:23] INFO: Successfull checking data to get all members
[2025-03-27 00:19:23] INFO: Successfull checking data to get board by user id
[2025-03-27 00:19:23] INFO: Successfull checking data to get board by user id
[2025-03-27 00:19:24] INFO: Successfull checking data to get all members
[2025-03-27 00:19:24] INFO: Successfull checking data to get all members
[2025-03-27 00:19:24] INFO: Successfull checking data to get all members
[2025-03-27 00:19:24] INFO: Successfull checking data to get all members
[2025-03-27 00:19:24] INFO: Successfull checking data to get all members
[2025-03-27 00:19:24] INFO: Successfull checking data to get all members
[2025-03-27 00:19:25] INFO: Successfull checking data user for get user profile
[2025-03-27 00:19:25] INFO: Successfull checking data user for get user profile
[2025-03-27 00:19:32] INFO: Successfull checking data user for get user profile
[2025-03-27 00:19:32] INFO: Successfull checking data user for get user profile
[2025-03-27 00:19:38] INFO: Successfull checking data user for get user profile
[2025-03-27 00:19:38] INFO: Successfull checking data user for get user profile
[2025-03-27 00:22:25] INFO: Successfull checking data user for get user profile
[2025-03-27 00:22:25] INFO: Successfull checking data user for get user profile
[2025-03-27 00:22:41] INFO: Successfull checking data user for get user profile
[2025-03-27 00:22:41] INFO: Successfull checking data user for get user profile
[2025-03-27 00:22:41] INFO: Successfull checking data to get board by user id
[2025-03-27 00:22:41] INFO: Successfull checking data to get board by user id
[2025-03-27 00:22:42] INFO: Successfull checking data to get all members
[2025-03-27 00:22:42] INFO: Successfull checking data to get all members
[2025-03-27 00:22:42] INFO: Successfull checking data to get all members
[2025-03-27 00:22:42] INFO: Successfull checking data to get all members
[2025-03-27 00:22:42] INFO: Successfull checking data to get all members
[2025-03-27 00:22:42] INFO: Successfull checking data to get all members
[2025-03-27 00:22:43] INFO: Successfull checking data to get all members
[2025-03-27 00:22:43] INFO: Successfull checking data to get all members
[2025-03-27 00:22:43] INFO: Successfull checking data to get all members
[2025-03-27 00:22:43] INFO: Successfull checking data to get all members
[2025-03-27 00:22:43] INFO: Successfull checking data to get all members
[2025-03-27 00:22:43] INFO: Successfull checking data to get all members
[2025-03-27 00:22:57] INFO: Successfull checking data user for login
[2025-03-27 00:22:57] INFO: Compare hash complete
[2025-03-27 00:22:57] INFO: Complete create token
[2025-03-27 00:22:57] INFO: Successfull checking data user for get user profile
[2025-03-27 00:22:57] INFO: Successfull checking data to get board by user id
[2025-03-27 00:22:58] INFO: Successfull checking data to get all members
[2025-03-27 00:22:58] INFO: Successfull checking data to get all members
[2025-03-27 00:22:58] INFO: Successfull checking data to get all members
[2025-03-27 00:22:58] INFO: Successfull checking data to get all members
[2025-03-27 00:22:59] INFO: Successfull checking data to get all members
[2025-03-27 00:22:59] INFO: Successfull checking data to get all members
[2025-03-27 00:23:00] INFO: Successfull checking data to get board by user id
[2025-03-27 00:23:00] INFO: Successfull checking data to get board by user id
[2025-03-27 00:23:01] INFO: Successfull checking data to get all members
[2025-03-27 00:23:01] INFO: Successfull checking data to get all members
[2025-03-27 00:23:01] INFO: Successfull checking data to get all members
[2025-03-27 00:23:01] INFO: Successfull checking data to get all members
[2025-03-27 00:23:01] INFO: Successfull checking data to get all members
[2025-03-27 00:23:01] INFO: Successfull checking data to get all members
[2025-03-27 00:23:02] INFO: Successfull checking data to get all members
[2025-03-27 00:23:02] INFO: Successfull checking data to get all members
[2025-03-27 00:23:02] INFO: Successfull checking data to get all members
[2025-03-27 00:23:02] INFO: Successfull checking data to get all members
[2025-03-27 00:23:02] INFO: Successfull checking data to get all members
[2025-03-27 00:23:02] INFO: Successfull checking data to get all members
[2025-03-27 00:23:03] INFO: Successfull checking data user for get user profile
[2025-03-27 00:23:03] INFO: Successfull checking data user for get user profile
[2025-03-27 00:23:03] INFO: Successfull checking data to get board by user id
[2025-03-27 00:23:03] INFO: Successfull checking data to get board by user id
[2025-03-27 00:23:04] INFO: Successfull checking data to get all members
[2025-03-27 00:23:04] INFO: Successfull checking data to get all members
[2025-03-27 00:23:04] INFO: Successfull checking data to get all members
[2025-03-27 00:23:04] INFO: Successfull checking data to get all members
[2025-03-27 00:23:04] INFO: Successfull checking data to get all members
[2025-03-27 00:23:04] INFO: Successfull checking data to get all members
[2025-03-27 00:23:04] INFO: Successfull checking data to get all members
[2025-03-27 00:23:04] INFO: Successfull checking data to get all members
[2025-03-27 00:23:05] INFO: Successfull checking data to get all members
[2025-03-27 00:23:05] INFO: Successfull checking data to get all members
[2025-03-27 00:23:05] INFO: Successfull checking data to get all members
[2025-03-27 00:23:05] INFO: Successfull checking data to get all members
[2025-03-27 00:23:07] INFO: Successfull checking data to get board by user id
[2025-03-27 00:23:07] INFO: Successfull checking data to get board by user id
[2025-03-27 00:23:07] INFO: Successfull checking data to get all members
[2025-03-27 00:23:07] INFO: Successfull checking data to get all members
[2025-03-27 00:23:07] INFO: Successfull checking data to get all members
[2025-03-27 00:23:07] INFO: Successfull checking data to get all members
[2025-03-27 00:23:07] INFO: Successfull checking data to get all members
[2025-03-27 00:23:07] INFO: Successfull checking data to get all members
[2025-03-27 00:23:08] INFO: Successfull checking data to get all members
[2025-03-27 00:23:08] INFO: Successfull checking data to get all members
[2025-03-27 00:23:08] INFO: Successfull checking data to get all members
[2025-03-27 00:23:08] INFO: Successfull checking data to get all members
[2025-03-27 00:23:08] INFO: Successfull checking data to get all members
[2025-03-27 00:23:08] INFO: Successfull checking data to get all members
[2025-03-27 00:23:24] INFO: Successfull checking data user for get user profile
[2025-03-27 00:23:24] INFO: Successfull checking data user for get user profile
[2025-03-27 00:23:24] INFO: Successfull checking data to get board by user id
[2025-03-27 00:23:24] INFO: Successfull checking data to get board by user id
[2025-03-27 00:23:25] INFO: Successfull checking data to get all members
[2025-03-27 00:23:25] INFO: Successfull checking data to get all members
[2025-03-27 00:23:25] INFO: Successfull checking data to get all members
[2025-03-27 00:23:25] INFO: Successfull checking data to get all members
[2025-03-27 00:23:25] INFO: Successfull checking data to get all members
[2025-03-27 00:23:25] INFO: Successfull checking data to get all members
[2025-03-27 00:23:25] INFO: Successfull checking data to get all members
[2025-03-27 00:23:26] INFO: Successfull checking data to get all members
[2025-03-27 00:23:26] INFO: Successfull checking data to get all members
[2025-03-27 00:23:26] INFO: Successfull checking data to get all members
[2025-03-27 00:23:26] INFO: Successfull checking data to get all members
[2025-03-27 00:23:26] INFO: Successfull checking data to get all members
[2025-03-27 00:23:30] INFO: Successfull checking data to get lists in board
[2025-03-27 00:23:30] INFO: Successfull checking data to get lists in board
[2025-03-27 00:23:30] INFO: Successfull checking data to get cards in list
[2025-03-27 00:23:30] INFO: Successfull checking data to get cards in list
[2025-03-27 00:23:30] INFO: Successfull checking data to get cards in list
[2025-03-27 00:23:30] INFO: Successfull checking data to get cards in list
[2025-03-27 00:23:33] INFO: Successfull checking data to get cardd
[2025-03-27 00:23:33] INFO: Successfull checking data to get cardd
[2025-03-27 15:46:01] INFO: Successfull checking data user for get user profile
[2025-03-27 15:46:01] INFO: Successfull checking data user for get user profile
[2025-03-27 15:46:10] INFO: Successfull checking data to get board by user id
[2025-03-27 15:46:10] INFO: Successfull checking data to get board by user id
[2025-03-27 15:46:11] ERROR: Error finding document
[2025-03-27 15:46:11] ERROR: Error finding document
[2025-03-27 15:46:12] INFO: Successfull checking data user for get user profile
[2025-03-27 15:46:12] INFO: Successfull checking data user for get user profile
[2025-03-27 15:46:15] INFO: Successfull checking data user for login
[2025-03-27 15:46:22] ERROR: Error finding document
[2025-03-27 15:46:22] ERROR: Error finding document
[2025-03-27 15:46:25] ERROR: Error : MongooseError: Operation `users.findOne()` buffering timed out after 10000ms
[2025-03-27 15:46:29] ERROR: Attempt 1: Failed to connect to MongoDB - Could not connect to any servers in your MongoDB Atlas cluster. One common reason is that you're trying to access the database from an IP that isn't whitelisted. Make sure your current IP address is on your Atlas cluster's IP whitelist: https://www.mongodb.com/docs/atlas/security-whitelist/
[2025-03-27 15:46:30] INFO: Successfull checking data user for get user profile
[2025-03-27 15:46:30] INFO: Successfull checking data user for get user profile
[2025-03-27 15:46:31] INFO: Successfull checking data user for get user profile
[2025-03-27 15:46:31] INFO: Successfull checking data user for get user profile
[2025-03-27 15:46:40] ERROR: Error finding document
[2025-03-27 15:46:40] ERROR: Error finding document
[2025-03-27 15:46:41] ERROR: Error finding document
[2025-03-27 15:46:41] ERROR: Error finding document
[2025-03-27 15:54:59] INFO: MongoDB connected: cluster0-shard-00-02.bdrg1.mongodb.net
[2025-03-27 15:57:51] INFO: Successfull checking data user for login
[2025-03-27 15:57:51] INFO: Compare hash complete
[2025-03-27 15:57:51] INFO: Complete create token
[2025-03-27 15:57:51] INFO: Successfull checking data user for get user profile
[2025-03-27 15:57:51] INFO: Successfull checking data to get board by user id
[2025-03-27 15:57:52] INFO: Successfull checking data to get all members
[2025-03-27 15:57:52] INFO: Successfull checking data to get board by user id
[2025-03-27 15:57:52] INFO: Successfull checking data to get board by user id
[2025-03-27 15:57:53] INFO: Successfull checking data to get all members
[2025-03-27 15:57:53] INFO: Successfull checking data to get all members
[2025-03-27 16:04:03] INFO: Successfull checking data user for get user profile
[2025-03-27 16:04:03] INFO: Successfull checking data user for get user profile
[2025-03-27 16:08:08] INFO: Successfull checking data to get board by user id
[2025-03-27 16:08:08] INFO: Successfull checking data to get board by user id
[2025-03-27 16:08:08] INFO: Successfull checking data to get all members
[2025-03-27 16:08:08] INFO: Successfull checking data to get all members
[2025-03-27 16:08:22] INFO: Successfull checking data user for get user profile
[2025-03-27 16:08:22] INFO: Successfull checking data user for get user profile
[2025-03-27 16:08:22] INFO: Successfull checking data to get board by user id
[2025-03-27 16:08:22] INFO: Successfull checking data to get board by user id
[2025-03-27 16:08:22] INFO: Successfull checking data to get all members
[2025-03-27 16:08:22] INFO: Successfull checking data to get all members
[2025-03-27 16:08:27] INFO: Successfull checking data user for login
[2025-03-27 16:08:27] INFO: Compare hash complete
[2025-03-27 16:08:27] INFO: Complete create token
[2025-03-27 16:08:27] INFO: Successfull checking data user for get user profile
[2025-03-27 16:08:27] INFO: Successfull checking data to get board by user id
[2025-03-27 16:08:27] INFO: Successfull checking data to get all members
[2025-03-27 16:08:28] INFO: Successfull checking data to get board by user id
[2025-03-27 16:08:28] INFO: Successfull checking data to get board by user id
[2025-03-27 16:08:28] INFO: Successfull checking data to get all members
[2025-03-27 16:08:28] INFO: Successfull checking data to get all members
[2025-03-27 16:08:53] INFO: Successfull checking data to get board by user id
[2025-03-27 16:08:53] INFO: Successfull checking data to get board by user id
[2025-03-27 16:08:53] INFO: Successfull checking data to get all members
[2025-03-27 16:08:53] INFO: Successfull checking data to get all members
[2025-03-27 17:14:46] ERROR: Error verified token:  jwt expired
[2025-03-27 17:14:46] INFO: Invalid token in get user cards incoming
[2025-03-27 17:14:59] INFO: Successfull checking data user for login
[2025-03-27 17:15:00] INFO: Compare hash complete
[2025-03-27 17:15:00] INFO: Complete create token
[2025-03-27 17:15:00] INFO: Successfull checking data user for get user profile
[2025-03-27 17:15:00] INFO: Successfull checking data to get board by user id
[2025-03-27 17:15:00] INFO: Successfull checking data to get all members
[2025-03-27 17:15:01] INFO: Successfull checking data to get board by user id
[2025-03-27 17:15:01] INFO: Successfull checking data to get board by user id
[2025-03-27 17:15:02] INFO: Successfull checking data to get all members
[2025-03-27 17:15:02] INFO: Successfull checking data to get all members
[2025-03-27 17:15:03] INFO: Successfull checking data user for get user profile
[2025-03-27 17:15:03] INFO: Successfull checking data user for get user profile
[2025-03-27 17:17:15] INFO: MongoDB connected: cluster0-shard-00-00.bdrg1.mongodb.net
[2025-03-27 17:17:18] INFO: Successfull checking data user for get user profile
[2025-03-27 17:17:18] INFO: Successfull checking data user for get user profile
[2025-03-27 17:17:25] INFO: MongoDB connected: cluster0-shard-00-01.bdrg1.mongodb.net
[2025-03-27 17:18:49] INFO: Successfull checking data to get lists in board
[2025-03-27 17:18:49] INFO: Successfull checking data to get lists in board
[2025-03-27 17:18:49] INFO: Successfull checking data to get cards in list
[2025-03-27 17:18:49] INFO: Successfull checking data to get cards in list
[2025-03-27 17:18:49] INFO: Successfull checking data to get cards in list
[2025-03-27 17:18:49] INFO: Successfull checking data to get cards in list
[2025-03-27 17:18:51] INFO: Successfull checking data to get cardd
[2025-03-27 17:18:51] INFO: Successfull checking data to get cardd
[2025-03-27 17:19:04] INFO: Successfull checking data to update card
[2025-03-27 17:19:04] INFO: Successfull checking data to get lists in board
[2025-03-27 17:19:04] INFO: Successfull checking data to get lists in board
[2025-03-27 17:19:04] INFO: Successfull checking data to get cards in list
[2025-03-27 17:19:04] INFO: Successfull checking data to get cards in list
[2025-03-27 17:19:04] INFO: Successfull checking data to get cards in list
[2025-03-27 17:19:04] INFO: Successfull checking data to get cards in list
[2025-03-27 17:19:06] INFO: Successfull checking data user for get user profile
[2025-03-27 17:19:06] INFO: Successfull checking data user for get user profile
[2025-03-27 17:21:03] INFO: MongoDB connected: cluster0-shard-00-00.bdrg1.mongodb.net
[2025-03-27 17:21:08] INFO: Successfull checking data user for get user profile
[2025-03-27 17:21:08] INFO: Successfull checking data user for get user profile
[2025-03-27 17:22:29] INFO: MongoDB connected: cluster0-shard-00-02.bdrg1.mongodb.net
[2025-03-27 17:22:33] INFO: Successfull checking data user for get user profile
[2025-03-27 17:22:33] INFO: Successfull checking data user for get user profile
[2025-03-27 17:24:56] INFO: MongoDB connected: cluster0-shard-00-00.bdrg1.mongodb.net
[2025-03-27 17:31:07] INFO: Successfull checking data to get lists in board
[2025-03-27 17:31:07] INFO: Successfull checking data to get lists in board
[2025-03-27 17:31:08] INFO: Successfull checking data to get cards in list
[2025-03-27 17:31:08] INFO: Successfull checking data to get cards in list
[2025-03-27 17:31:08] INFO: Successfull checking data to get cards in list
[2025-03-27 17:31:08] INFO: Successfull checking data to get cards in list
[2025-03-27 17:31:09] INFO: Successfull checking data to get cardd
[2025-03-27 17:31:09] INFO: Successfull checking data to get cardd
[2025-03-27 17:31:12] INFO: Successfull checking data to get lists in board
[2025-03-27 17:31:12] INFO: Successfull checking data to get lists in board
[2025-03-27 17:31:12] INFO: Successfull checking data to get cards in list
[2025-03-27 17:31:12] INFO: Successfull checking data to get cards in list
[2025-03-27 17:31:12] INFO: Successfull checking data to get cards in list
[2025-03-27 17:31:12] INFO: Successfull checking data to get cards in list
[2025-03-27 17:31:14] INFO: Successfull checking data to get cardd
[2025-03-27 17:31:14] INFO: Successfull checking data to get cardd
[2025-03-27 17:31:15] INFO: Successfull checking data to get cardd
[2025-03-27 17:31:15] INFO: Successfull checking data to get all members
[2025-03-27 17:31:19] INFO: Successfull checking data to assign user to card
[2025-03-27 17:31:19] INFO: Successfull checking data to get cardd
[2025-03-27 17:31:22] INFO: Successfull checking data to get cardd
[2025-03-27 17:31:22] INFO: Successfull checking data to get all members
[2025-03-27 17:31:23] INFO: Successfull checking data to assign user to card
[2025-03-27 17:31:24] INFO: Successfull checking data to get cardd
[2025-03-27 17:31:26] INFO: Successfull checking data user for get user profile
[2025-03-27 17:31:26] INFO: Successfull checking data user for get user profile
[2025-03-27 17:31:28] INFO: Successfull checking data to get board by user id
[2025-03-27 17:31:28] INFO: Successfull checking data to get board by user id
[2025-03-27 17:31:28] INFO: Successfull checking data to get all members
[2025-03-27 17:31:28] INFO: Successfull checking data to get all members
[2025-03-27 17:31:30] INFO: Successfull checking data to get lists in board
[2025-03-27 17:31:30] INFO: Successfull checking data to get lists in board
[2025-03-27 17:31:30] INFO: Successfull checking data to get cards in list
[2025-03-27 17:31:30] INFO: Successfull checking data to get cards in list
[2025-03-27 17:31:30] INFO: Successfull checking data to get cards in list
[2025-03-27 17:31:30] INFO: Successfull checking data to get cards in list
[2025-03-27 17:31:34] INFO: Successfull checking data to get cardd
[2025-03-27 17:31:34] INFO: Successfull checking data to get cardd
[2025-03-27 17:31:37] INFO: Successfull checking data to get lists in board
[2025-03-27 17:31:37] INFO: Successfull checking data to get lists in board
[2025-03-27 17:31:37] INFO: Successfull checking data to get cards in list
[2025-03-27 17:31:37] INFO: Successfull checking data to get cards in list
[2025-03-27 17:31:37] INFO: Successfull checking data to get cards in list
[2025-03-27 17:31:37] INFO: Successfull checking data to get cards in list
[2025-03-27 17:31:39] INFO: Successfull checking data to get cardd
[2025-03-27 17:31:39] INFO: Successfull checking data to get cardd
[2025-03-27 18:45:45] ERROR: Error verified token:  jwt expired
[2025-03-27 18:45:45] INFO: Invalid token in get user cards incoming
[2025-03-27 18:45:45] ERROR: Error verified token:  jwt expired
[2025-03-27 18:45:45] INFO: Invalid token in get user cards incoming
[2025-03-27 18:46:03] INFO: Successfull checking data user for login
[2025-03-27 18:46:03] INFO: Compare hash complete
[2025-03-27 18:46:03] INFO: Complete create token
[2025-03-27 18:46:03] INFO: Successfull checking data user for get user profile
[2025-03-27 18:46:03] INFO: Successfull checking data to get board by user id
[2025-03-27 18:46:03] INFO: Successfull checking data to get all members
[2025-03-27 18:46:05] INFO: Successfull checking data to get board by user id
[2025-03-27 18:46:05] INFO: Successfull checking data to get board by user id
[2025-03-27 18:46:05] INFO: Successfull checking data to get all members
[2025-03-27 18:46:05] INFO: Successfull checking data to get all members
[2025-03-27 18:46:06] INFO: Successfull checking data user for get user profile
[2025-03-27 18:46:06] INFO: Successfull checking data user for get user profile
[2025-03-27 18:47:37] INFO: Successfull checking data user for get user profile
[2025-03-27 18:47:46] INFO: Successfull checking data user for get user profile
[2025-03-27 18:47:46] INFO: Successfull checking data user for get user profile
