[2025-03-23 19:18:40] ERROR: Attempt 1: Failed to connect to MongoDB - Could not connect to any servers in your MongoDB Atlas cluster. One common reason is that you're trying to access the database from an IP that isn't whitelisted. Make sure your current IP address is on your Atlas cluster's IP whitelist: https://www.mongodb.com/docs/atlas/security-whitelist/
[2025-03-23 19:19:15] ERROR: Attempt 2: Failed to connect to MongoDB - Could not connect to any servers in your MongoDB Atlas cluster. One common reason is that you're trying to access the database from an IP that isn't whitelisted. Make sure your current IP address is on your Atlas cluster's IP whitelist: https://www.mongodb.com/docs/atlas/security-whitelist/
[2025-03-23 19:19:50] ERROR: Attempt 3: Failed to connect to MongoDB - Could not connect to any servers in your MongoDB Atlas cluster. One common reason is that you're trying to access the database from an IP that isn't whitelisted. Make sure your current IP address is on your Atlas cluster's IP whitelist: https://www.mongodb.com/docs/atlas/security-whitelist/
[2025-03-23 19:20:25] ERROR: Attempt 4: Failed to connect to MongoDB - Could not connect to any servers in your MongoDB Atlas cluster. One common reason is that you're trying to access the database from an IP that isn't whitelisted. Make sure your current IP address is on your Atlas cluster's IP whitelist: https://www.mongodb.com/docs/atlas/security-whitelist/
[2025-03-23 19:21:00] ERROR: Attempt 5: Failed to connect to MongoDB - Could not connect to any servers in your MongoDB Atlas cluster. One common reason is that you're trying to access the database from an IP that isn't whitelisted. Make sure your current IP address is on your Atlas cluster's IP whitelist: https://www.mongodb.com/docs/atlas/security-whitelist/
[2025-03-23 19:41:13] ERROR: Error with AddMemberToBoard: ValidationError: board_collaborators.2.board_collaborator_role: `MEMBER` is not a valid enum value for path `board_collaborator_role`.
[2025-03-25 22:13:22] ERROR: read ECONNRESET
[2025-03-25 22:13:22] ERROR: read ECONNRESET
[2025-03-25 22:21:16] ERROR: 081C0000:error:0A000438:SSL routines:ssl3_read_bytes:tlsv1 alert internal error:c:\ws\deps\openssl\openssl\ssl\record\rec_layer_s3.c:1590:SSL alert number 80

[2025-03-25 22:21:16] ERROR: 081C0000:error:0A000438:SSL routines:ssl3_read_bytes:tlsv1 alert internal error:c:\ws\deps\openssl\openssl\ssl\record\rec_layer_s3.c:1590:SSL alert number 80

[2025-03-25 22:21:24] ERROR: Error : MongoServerSelectionError: 081C0000:error:0A000438:SSL routines:ssl3_read_bytes:tlsv1 alert internal error:c:\ws\deps\openssl\openssl\ssl\record\rec_layer_s3.c:1590:SSL alert number 80

[2025-03-25 22:21:26] ERROR: Error : MongoServerSelectionError: 081C0000:error:0A000438:SSL routines:ssl3_read_bytes:tlsv1 alert internal error:c:\ws\deps\openssl\openssl\ssl\record\rec_layer_s3.c:1590:SSL alert number 80

[2025-03-25 22:24:02] ERROR: Attempt 1: Failed to connect to MongoDB - Could not connect to any servers in your MongoDB Atlas cluster. One common reason is that you're trying to access the database from an IP that isn't whitelisted. Make sure your current IP address is on your Atlas cluster's IP whitelist: https://www.mongodb.com/docs/atlas/security-whitelist/
[2025-03-25 22:24:22] ERROR: Error : MongooseError: Operation `users.findOne()` buffering timed out after 10000ms
[2025-03-25 22:24:37] ERROR: Attempt 2: Failed to connect to MongoDB - Could not connect to any servers in your MongoDB Atlas cluster. One common reason is that you're trying to access the database from an IP that isn't whitelisted. Make sure your current IP address is on your Atlas cluster's IP whitelist: https://www.mongodb.com/docs/atlas/security-whitelist/
[2025-03-25 22:25:12] ERROR: Attempt 3: Failed to connect to MongoDB - Could not connect to any servers in your MongoDB Atlas cluster. One common reason is that you're trying to access the database from an IP that isn't whitelisted. Make sure your current IP address is on your Atlas cluster's IP whitelist: https://www.mongodb.com/docs/atlas/security-whitelist/
[2025-03-25 22:25:28] ERROR: Error : MongooseError: Operation `users.findOne()` buffering timed out after 10000ms
[2025-03-25 22:25:47] ERROR: Attempt 4: Failed to connect to MongoDB - Could not connect to any servers in your MongoDB Atlas cluster. One common reason is that you're trying to access the database from an IP that isn't whitelisted. Make sure your current IP address is on your Atlas cluster's IP whitelist: https://www.mongodb.com/docs/atlas/security-whitelist/
[2025-03-25 22:26:20] ERROR: Error : MongooseError: Operation `users.findOne()` buffering timed out after 10000ms
[2025-03-25 22:26:20] ERROR: Error : MongooseError: Operation `users.findOne()` buffering timed out after 10000ms
[2025-03-25 22:26:20] ERROR: Error : MongooseError: Operation `users.findOne()` buffering timed out after 10000ms
[2025-03-25 22:29:08] ERROR: Attempt 1: Failed to connect to MongoDB - Could not connect to any servers in your MongoDB Atlas cluster. One common reason is that you're trying to access the database from an IP that isn't whitelisted. Make sure your current IP address is on your Atlas cluster's IP whitelist: https://www.mongodb.com/docs/atlas/security-whitelist/
[2025-03-25 22:29:43] ERROR: Attempt 2: Failed to connect to MongoDB - Could not connect to any servers in your MongoDB Atlas cluster. One common reason is that you're trying to access the database from an IP that isn't whitelisted. Make sure your current IP address is on your Atlas cluster's IP whitelist: https://www.mongodb.com/docs/atlas/security-whitelist/
[2025-03-25 22:30:18] ERROR: Attempt 3: Failed to connect to MongoDB - Could not connect to any servers in your MongoDB Atlas cluster. One common reason is that you're trying to access the database from an IP that isn't whitelisted. Make sure your current IP address is on your Atlas cluster's IP whitelist: https://www.mongodb.com/docs/atlas/security-whitelist/
[2025-03-25 22:30:22] ERROR: Error : MongooseError: Operation `users.findOne()` buffering timed out after 10000ms
